{
  "stats": {
    "suites": 1,
    "tests": 1,
    "passes": 0,
    "pending": 0,
    "failures": 1,
    "start": "2022-11-17T19:51:39.581Z",
    "end": "2022-11-17T19:51:58.299Z",
    "duration": 18718,
    "testsRegistered": 1,
    "passPercent": 0,
    "pendingPercent": 0,
    "other": 0,
    "hasOther": false,
    "skipped": 0,
    "hasSkipped": false
  },
  "results": [
    {
      "uuid": "f7bd6d2d-158b-4eef-a2bc-9eaa296fd0fb",
      "title": "",
      "fullFile": "cypress/integration/examples/WebTables.js",
      "file": "cypress/integration/examples/WebTables.js",
      "beforeHooks": [],
      "afterHooks": [],
      "tests": [],
      "suites": [
        {
          "uuid": "79642b30-3608-43df-a6aa-434d1bd8ab70",
          "title": "My Fifth Test Suite",
          "fullFile": "",
          "file": "",
          "beforeHooks": [],
          "afterHooks": [],
          "tests": [
            {
              "title": "My Fifth Test Case",
              "fullTitle": "My Fifth Test Suite My Fifth Test Case",
              "timedOut": null,
              "duration": 2495,
              "state": "failed",
              "speed": null,
              "pass": false,
              "fail": true,
              "pending": false,
              "context": null,
              "code": "cy.visit(Cypress.env('url') + \"/AutomationPractice/\"); // cy.visit(\"http://qaclickacademy.com/practice.php\");\n// Web Tables\ncy.get('tr td:nth-child(2)').each(($el, index, $list) => {\n  const text = $el.text();\n  if (text.includes(\"Python\")) {\n    //Moving to the sibling element\n    cy.get('tr td:nth-child(2)').eq(index).next().then(function (price) {\n      const priceText = price.text();\n      expect(priceText).to.equal('26');\n    });\n  }\n});",
              "err": {
                "message": "AssertionError: expected '25' to equal '26'",
                "estack": "AssertionError: expected '25' to equal '26'\n    at Context.eval (webpack:///./cypress/integration/examples/WebTables.js:25:37)",
                "diff": "- '25'\n+ '26'\n"
              },
              "uuid": "b2f23c1c-7196-4df4-9a82-9e3e584e330e",
              "parentUUID": "79642b30-3608-43df-a6aa-434d1bd8ab70",
              "isHook": false,
              "skipped": false
            }
          ],
          "suites": [],
          "passes": [],
          "failures": [
            "b2f23c1c-7196-4df4-9a82-9e3e584e330e"
          ],
          "pending": [],
          "skipped": [],
          "duration": 2495,
          "root": false,
          "rootEmpty": false,
          "_timeout": 2000
        }
      ],
      "passes": [],
      "failures": [],
      "pending": [],
      "skipped": [],
      "duration": 0,
      "root": true,
      "rootEmpty": true,
      "_timeout": 2000
    }
  ],
  "meta": {
    "mocha": {
      "version": "7.0.1"
    },
    "mochawesome": {
      "options": {
        "quiet": false,
        "reportFilename": "mochawesome",
        "saveHtml": true,
        "saveJson": true,
        "consoleReporter": "spec",
        "useInlineDiffs": false,
        "code": true
      },
      "version": "7.1.3"
    },
    "marge": {
      "options": null,
      "version": "6.2.0"
    }
  }
}